2026-03-26 16:27:51,463 - INFO - Processing image: data/input\osaka.jpg
2026-03-26 16:27:51,465 - INFO - Saved output for osaka.jpg
2026-03-26 18:11:58,763 - INFO - Processing image: data/input\clock.jpg
2026-03-26 18:11:59,117 - INFO - Detections: []
2026-03-26 18:14:06,276 - INFO - Processing image: data/input\clock.jpg
2026-03-26 18:14:06,650 - INFO - Detections: []
2026-03-26 18:16:06,089 - INFO - Processing image: data/input\clock.jpg
2026-03-26 18:16:06,399 - INFO - Detections: []
2026-03-26 18:17:45,778 - INFO - Processing image: data/input\clock.jpg
2026-03-26 18:17:46,134 - INFO - Detections: []
2026-03-26 18:21:10,833 - INFO - Processing image: data/input\clock.jpg
2026-03-26 18:21:11,301 - INFO - Detections: []
2026-03-26 18:23:55,791 - INFO - Processing image: data/input\clock.jpg
2026-03-26 18:23:56,158 - INFO - Detections: []
2026-03-26 18:25:31,677 - INFO - Processing image: data/input\clock.jpg
2026-03-26 18:25:32,044 - INFO - Detections: []
2026-03-26 18:27:18,249 - INFO - Processing image: data/input\clock.jpg
2026-03-26 18:27:18,610 - INFO - Detections: []
2026-03-26 18:27:18,611 - INFO - Saved output for clock.jpg
2026-03-26 18:27:18,611 - INFO - Processing image: data/input\clock1.jpg
2026-03-26 18:27:18,700 - INFO - Detections: [{'class': 'clock', 'confidence': 0.531671404838562}]
2026-03-26 18:27:18,701 - INFO - Saved output for clock1.jpg
2026-03-26 18:27:18,701 - INFO - Processing image: data/input\construction.jpg
2026-03-26 18:27:18,827 - INFO - Detections: [{'class': 'person', 'confidence': 0.8164794445037842}, {'class': 'person', 'confidence': 0.7913116216659546}, {'class': 'person', 'confidence': 0.7422417402267456}, {'class': 'person', 'confidence': 0.3113192021846771}]
2026-03-26 18:27:18,829 - INFO - Saved output for construction.jpg
2026-03-26 18:27:18,830 - INFO - Processing image: data/input\man.jpg
2026-03-26 18:27:19,014 - INFO - Detections: [{'class': 'person', 'confidence': 0.9095549583435059}]
2026-03-26 18:27:19,015 - INFO - Saved output for man.jpg
2026-03-26 18:27:19,016 - INFO - Processing image: data/input\osaka.jpg
2026-03-26 18:27:19,107 - INFO - Detections: [{'class': 'clock', 'confidence': 0.34363293647766113}]
2026-03-26 18:27:19,108 - INFO - Saved output for osaka.jpg
2026-03-26 18:31:12,839 - INFO - Processing image: data/input\clock.jpg
2026-03-26 18:31:13,171 - INFO - Detections: []
2026-03-26 18:31:13,172 - INFO - Saved output for clock.jpg
2026-03-26 18:31:13,173 - INFO - Processing image: data/input\clock1.jpg
2026-03-26 18:31:13,257 - INFO - Detections: [{'class': 'clock', 'confidence': 0.531671404838562, 'bbox': [41.42827606201172, 60.652000427246094, 251.0589599609375, 302.3720703125]}]
2026-03-26 18:31:13,259 - INFO - Saved output for clock1.jpg
2026-03-26 18:31:13,259 - INFO - Processing image: data/input\construction.jpg
2026-03-26 18:31:13,369 - INFO - Detections: [{'class': 'person', 'confidence': 0.8164794445037842, 'bbox': [476.86285400390625, 802.1149291992188, 839.3838500976562, 1272.1033935546875]}, {'class': 'person', 'confidence': 0.7913116216659546, 'bbox': [1037.221435546875, 884.5594482421875, 1200.56103515625, 1275.2618408203125]}, {'class': 'person', 'confidence': 0.7422417402267456, 'bbox': [1167.9224853515625, 643.7786254882812, 1800.097412109375, 1270.083984375]}, {'class': 'person', 'confidence': 0.3113192021846771, 'bbox': [833.5984497070312, 975.3277587890625, 1083.3355712890625, 1276.056640625]}]
2026-03-26 18:31:13,371 - INFO - Saved output for construction.jpg
2026-03-26 18:31:13,371 - INFO - Processing image: data/input\man.jpg
2026-03-26 18:31:13,558 - INFO - Detections: [{'class': 'person', 'confidence': 0.9095549583435059, 'bbox': [800.6801147460938, 788.5094604492188, 1734.535888671875, 2610.8828125]}]
2026-03-26 18:31:13,559 - INFO - Saved output for man.jpg
2026-03-26 18:31:13,560 - INFO - Processing image: data/input\osaka.jpg
2026-03-26 18:31:13,651 - INFO - Detections: [{'class': 'clock', 'confidence': 0.34363293647766113, 'bbox': [353.8269958496094, 74.54338073730469, 974.9519653320312, 925.763916015625]}]
2026-03-26 18:31:13,653 - INFO - Saved output for osaka.jpg
2026-03-26 18:35:42,036 - INFO - Processing image: data/input\clock.jpg
2026-03-26 18:35:42,353 - INFO - Detections: []
2026-03-26 18:35:42,353 - INFO - PPE result: {'status': 'no_worker', 'person_count': 0}
2026-03-26 18:35:42,355 - INFO - Saved output for clock.jpg
2026-03-26 18:35:42,355 - INFO - Processing image: data/input\clock1.jpg
2026-03-26 18:35:42,433 - INFO - Detections: [{'class': 'clock', 'confidence': 0.531671404838562, 'bbox': [41.42827606201172, 60.652000427246094, 251.0589599609375, 302.3720703125]}]
2026-03-26 18:35:42,433 - INFO - PPE result: {'status': 'no_worker', 'person_count': 0}
2026-03-26 18:35:42,435 - INFO - Saved output for clock1.jpg
2026-03-26 18:35:42,435 - INFO - Processing image: data/input\construction.jpg
2026-03-26 18:35:42,554 - INFO - Detections: [{'class': 'person', 'confidence': 0.8164794445037842, 'bbox': [476.86285400390625, 802.1149291992188, 839.3838500976562, 1272.1033935546875]}, {'class': 'person', 'confidence': 0.7913116216659546, 'bbox': [1037.221435546875, 884.5594482421875, 1200.56103515625, 1275.2618408203125]}, {'class': 'person', 'confidence': 0.7422417402267456, 'bbox': [1167.9224853515625, 643.7786254882812, 1800.097412109375, 1270.083984375]}, {'class': 'person', 'confidence': 0.3113192021846771, 'bbox': [833.5984497070312, 975.3277587890625, 1083.3355712890625, 1276.056640625]}]
2026-03-26 18:35:42,554 - INFO - PPE result: {'status': 'unknown', 'person_count': 4}
2026-03-26 18:35:42,556 - INFO - Saved output for construction.jpg
2026-03-26 18:35:42,556 - INFO - Processing image: data/input\man.jpg
2026-03-26 18:35:42,739 - INFO - Detections: [{'class': 'person', 'confidence': 0.9095549583435059, 'bbox': [800.6801147460938, 788.5094604492188, 1734.535888671875, 2610.8828125]}]
2026-03-26 18:35:42,739 - INFO - PPE result: {'status': 'unknown', 'person_count': 1}
2026-03-26 18:35:42,741 - INFO - Saved output for man.jpg
2026-03-26 18:35:42,741 - INFO - Processing image: data/input\osaka.jpg
2026-03-26 18:35:42,827 - INFO - Detections: [{'class': 'clock', 'confidence': 0.34363293647766113, 'bbox': [353.8269958496094, 74.54338073730469, 974.9519653320312, 925.763916015625]}]
2026-03-26 18:35:42,828 - INFO - PPE result: {'status': 'no_worker', 'person_count': 0}
2026-03-26 18:35:42,829 - INFO - Saved output for osaka.jpg
